08-Jun-2023 13:35:54.056 INFO [main] org.apache.catalina.startup.VersionLoggerListener.log 서버 버전 이름:    Apache Tomcat/9.0.75
08-Jun-2023 13:35:54.059 INFO [main] org.apache.catalina.startup.VersionLoggerListener.log Server 빌드 시각:  May 4 2023 13:04:05 UTC
08-Jun-2023 13:35:54.059 INFO [main] org.apache.catalina.startup.VersionLoggerListener.log Server 버전 번호:  9.0.75.0
08-Jun-2023 13:35:54.059 INFO [main] org.apache.catalina.startup.VersionLoggerListener.log 운영체제 이름:     Windows 10
08-Jun-2023 13:35:54.059 INFO [main] org.apache.catalina.startup.VersionLoggerListener.log 운영체제 버전:     10.0
08-Jun-2023 13:35:54.060 INFO [main] org.apache.catalina.startup.VersionLoggerListener.log 아키텍처:          amd64
08-Jun-2023 13:35:54.060 INFO [main] org.apache.catalina.startup.VersionLoggerListener.log 자바 홈:           C:\Program Files\Java\jdk-17
08-Jun-2023 13:35:54.060 INFO [main] org.apache.catalina.startup.VersionLoggerListener.log JVM 버전:          17.0.7+8-LTS-224
08-Jun-2023 13:35:54.060 INFO [main] org.apache.catalina.startup.VersionLoggerListener.log JVM 벤더:          Oracle Corporation
08-Jun-2023 13:35:54.060 INFO [main] org.apache.catalina.startup.VersionLoggerListener.log CATALINA_BASE:     C:\Users\roozi\Documents\GitHub\PickCom\apache-tomcat-9.0.75
08-Jun-2023 13:35:54.060 INFO [main] org.apache.catalina.startup.VersionLoggerListener.log CATALINA_HOME:     C:\Users\roozi\Documents\GitHub\PickCom\apache-tomcat-9.0.75
08-Jun-2023 13:35:54.065 INFO [main] org.apache.catalina.startup.VersionLoggerListener.log 명령 행 아규먼트:  --add-opens=java.base/java.lang=ALL-UNNAMED
08-Jun-2023 13:35:54.066 INFO [main] org.apache.catalina.startup.VersionLoggerListener.log 명령 행 아규먼트:  --add-opens=java.base/java.io=ALL-UNNAMED
08-Jun-2023 13:35:54.066 INFO [main] org.apache.catalina.startup.VersionLoggerListener.log 명령 행 아규먼트:  --add-opens=java.base/java.util=ALL-UNNAMED
08-Jun-2023 13:35:54.067 INFO [main] org.apache.catalina.startup.VersionLoggerListener.log 명령 행 아규먼트:  --add-opens=java.base/java.util.concurrent=ALL-UNNAMED
08-Jun-2023 13:35:54.067 INFO [main] org.apache.catalina.startup.VersionLoggerListener.log 명령 행 아규먼트:  --add-opens=java.rmi/sun.rmi.transport=ALL-UNNAMED
08-Jun-2023 13:35:54.068 INFO [main] org.apache.catalina.startup.VersionLoggerListener.log 명령 행 아규먼트:  -Djava.util.logging.config.file=C:\Users\roozi\Documents\GitHub\PickCom\apache-tomcat-9.0.75\conf\logging.properties
08-Jun-2023 13:35:54.068 INFO [main] org.apache.catalina.startup.VersionLoggerListener.log 명령 행 아규먼트:  -Djava.util.logging.manager=org.apache.juli.ClassLoaderLogManager
08-Jun-2023 13:35:54.069 INFO [main] org.apache.catalina.startup.VersionLoggerListener.log 명령 행 아규먼트:  -Djdk.tls.ephemeralDHKeySize=2048
08-Jun-2023 13:35:54.069 INFO [main] org.apache.catalina.startup.VersionLoggerListener.log 명령 행 아규먼트:  -Djava.protocol.handler.pkgs=org.apache.catalina.webresources
08-Jun-2023 13:35:54.070 INFO [main] org.apache.catalina.startup.VersionLoggerListener.log 명령 행 아규먼트:  -Dignore.endorsed.dirs=
08-Jun-2023 13:35:54.070 INFO [main] org.apache.catalina.startup.VersionLoggerListener.log 명령 행 아규먼트:  -Dcatalina.base=C:\Users\roozi\Documents\GitHub\PickCom\apache-tomcat-9.0.75
08-Jun-2023 13:35:54.071 INFO [main] org.apache.catalina.startup.VersionLoggerListener.log 명령 행 아규먼트:  -Dcatalina.home=C:\Users\roozi\Documents\GitHub\PickCom\apache-tomcat-9.0.75
08-Jun-2023 13:35:54.072 INFO [main] org.apache.catalina.startup.VersionLoggerListener.log 명령 행 아규먼트:  -Djava.io.tmpdir=C:\Users\roozi\Documents\GitHub\PickCom\apache-tomcat-9.0.75\temp
08-Jun-2023 13:35:54.075 INFO [main] org.apache.catalina.core.AprLifecycleListener.lifecycleEvent APR 버전 [1.7.2]을(를) 사용한, APR 기반 Apache Tomcat Native 라이브러리 [1.2.36]을(를) 로드했습니다.
08-Jun-2023 13:35:54.075 INFO [main] org.apache.catalina.core.AprLifecycleListener.lifecycleEvent APR 용량정보들: IPv6 [true], sendfile [true], accept filters [false], random [true], UDS [true].
08-Jun-2023 13:35:54.076 INFO [main] org.apache.catalina.core.AprLifecycleListener.lifecycleEvent APR/OpenSSL 설정: useAprConnector [false], useOpenSSL [true]
08-Jun-2023 13:35:54.079 INFO [main] org.apache.catalina.core.AprLifecycleListener.initializeSSL OpenSSL이 성공적으로 초기화되었습니다: [OpenSSL 1.1.1t  7 Feb 2023]
08-Jun-2023 13:35:54.230 INFO [main] org.apache.coyote.AbstractProtocol.init 프로토콜 핸들러 ["http-nio-8080"]을(를) 초기화합니다.
08-Jun-2023 13:35:54.245 INFO [main] org.apache.catalina.startup.Catalina.load [314] 밀리초 내에 서버가 초기화되었습니다.
08-Jun-2023 13:35:54.271 INFO [main] org.apache.catalina.core.StandardService.startInternal 서비스 [Catalina]을(를) 시작합니다.
08-Jun-2023 13:35:54.272 INFO [main] org.apache.catalina.core.StandardEngine.startInternal 서버 엔진을 시작합니다: [Apache Tomcat/9.0.75]
08-Jun-2023 13:35:54.278 INFO [main] org.apache.catalina.startup.HostConfig.deployDirectory 웹 애플리케이션 디렉토리 [C:\Users\roozi\Documents\GitHub\PickCom\apache-tomcat-9.0.75\webapps\docs]을(를) 배치합니다.
08-Jun-2023 13:35:54.477 INFO [main] org.apache.catalina.startup.HostConfig.deployDirectory 웹 애플리케이션 디렉토리 [C:\Users\roozi\Documents\GitHub\PickCom\apache-tomcat-9.0.75\webapps\docs]에 대한 배치가 [198] 밀리초에 완료되었습니다.
08-Jun-2023 13:35:54.479 INFO [main] org.apache.catalina.startup.HostConfig.deployDirectory 웹 애플리케이션 디렉토리 [C:\Users\roozi\Documents\GitHub\PickCom\apache-tomcat-9.0.75\webapps\examples]을(를) 배치합니다.
08-Jun-2023 13:35:54.810 INFO [main] org.apache.catalina.startup.HostConfig.deployDirectory 웹 애플리케이션 디렉토리 [C:\Users\roozi\Documents\GitHub\PickCom\apache-tomcat-9.0.75\webapps\examples]에 대한 배치가 [331] 밀리초에 완료되었습니다.
08-Jun-2023 13:35:54.811 INFO [main] org.apache.catalina.startup.HostConfig.deployDirectory 웹 애플리케이션 디렉토리 [C:\Users\roozi\Documents\GitHub\PickCom\apache-tomcat-9.0.75\webapps\host-manager]을(를) 배치합니다.
08-Jun-2023 13:35:54.845 INFO [main] org.apache.catalina.startup.HostConfig.deployDirectory 웹 애플리케이션 디렉토리 [C:\Users\roozi\Documents\GitHub\PickCom\apache-tomcat-9.0.75\webapps\host-manager]에 대한 배치가 [34] 밀리초에 완료되었습니다.
08-Jun-2023 13:35:54.847 INFO [main] org.apache.catalina.startup.HostConfig.deployDirectory 웹 애플리케이션 디렉토리 [C:\Users\roozi\Documents\GitHub\PickCom\apache-tomcat-9.0.75\webapps\manager]을(를) 배치합니다.
08-Jun-2023 13:35:54.883 INFO [main] org.apache.catalina.startup.HostConfig.deployDirectory 웹 애플리케이션 디렉토리 [C:\Users\roozi\Documents\GitHub\PickCom\apache-tomcat-9.0.75\webapps\manager]에 대한 배치가 [36] 밀리초에 완료되었습니다.
08-Jun-2023 13:35:54.884 INFO [main] org.apache.catalina.startup.HostConfig.deployDirectory 웹 애플리케이션 디렉토리 [C:\Users\roozi\Documents\GitHub\PickCom\apache-tomcat-9.0.75\webapps\ROOT]을(를) 배치합니다.
08-Jun-2023 13:35:54.906 INFO [main] org.apache.catalina.startup.HostConfig.deployDirectory 웹 애플리케이션 디렉토리 [C:\Users\roozi\Documents\GitHub\PickCom\apache-tomcat-9.0.75\webapps\ROOT]에 대한 배치가 [22] 밀리초에 완료되었습니다.
08-Jun-2023 13:35:54.909 INFO [main] org.apache.coyote.AbstractProtocol.start 프로토콜 핸들러 ["http-nio-8080"]을(를) 시작합니다.
08-Jun-2023 13:35:54.934 INFO [main] org.apache.catalina.startup.Catalina.start 서버가 [687] 밀리초 내에 시작되었습니다.
08-Jun-2023 13:38:41.758 INFO [main] org.apache.catalina.startup.VersionLoggerListener.log 서버 버전 이름:    Apache Tomcat/9.0.75
08-Jun-2023 13:38:41.761 INFO [main] org.apache.catalina.startup.VersionLoggerListener.log Server 빌드 시각:  May 4 2023 13:04:05 UTC
08-Jun-2023 13:38:41.761 INFO [main] org.apache.catalina.startup.VersionLoggerListener.log Server 버전 번호:  9.0.75.0
08-Jun-2023 13:38:41.761 INFO [main] org.apache.catalina.startup.VersionLoggerListener.log 운영체제 이름:     Windows 10
08-Jun-2023 13:38:41.762 INFO [main] org.apache.catalina.startup.VersionLoggerListener.log 운영체제 버전:     10.0
08-Jun-2023 13:38:41.762 INFO [main] org.apache.catalina.startup.VersionLoggerListener.log 아키텍처:          amd64
08-Jun-2023 13:38:41.762 INFO [main] org.apache.catalina.startup.VersionLoggerListener.log 자바 홈:           C:\Program Files\Java\jdk-17
08-Jun-2023 13:38:41.762 INFO [main] org.apache.catalina.startup.VersionLoggerListener.log JVM 버전:          17.0.7+8-LTS-224
08-Jun-2023 13:38:41.762 INFO [main] org.apache.catalina.startup.VersionLoggerListener.log JVM 벤더:          Oracle Corporation
08-Jun-2023 13:38:41.762 INFO [main] org.apache.catalina.startup.VersionLoggerListener.log CATALINA_BASE:     C:\Users\roozi\Documents\GitHub\PickCom\apache-tomcat-9.0.75
08-Jun-2023 13:38:41.762 INFO [main] org.apache.catalina.startup.VersionLoggerListener.log CATALINA_HOME:     C:\Users\roozi\Documents\GitHub\PickCom\apache-tomcat-9.0.75
08-Jun-2023 13:38:41.768 INFO [main] org.apache.catalina.startup.VersionLoggerListener.log 명령 행 아규먼트:  --add-opens=java.base/java.lang=ALL-UNNAMED
08-Jun-2023 13:38:41.768 INFO [main] org.apache.catalina.startup.VersionLoggerListener.log 명령 행 아규먼트:  --add-opens=java.base/java.io=ALL-UNNAMED
08-Jun-2023 13:38:41.769 INFO [main] org.apache.catalina.startup.VersionLoggerListener.log 명령 행 아규먼트:  --add-opens=java.base/java.util=ALL-UNNAMED
08-Jun-2023 13:38:41.769 INFO [main] org.apache.catalina.startup.VersionLoggerListener.log 명령 행 아규먼트:  --add-opens=java.base/java.util.concurrent=ALL-UNNAMED
08-Jun-2023 13:38:41.770 INFO [main] org.apache.catalina.startup.VersionLoggerListener.log 명령 행 아규먼트:  --add-opens=java.rmi/sun.rmi.transport=ALL-UNNAMED
08-Jun-2023 13:38:41.771 INFO [main] org.apache.catalina.startup.VersionLoggerListener.log 명령 행 아규먼트:  -Djava.util.logging.config.file=C:\Users\roozi\Documents\GitHub\PickCom\apache-tomcat-9.0.75\conf\logging.properties
08-Jun-2023 13:38:41.771 INFO [main] org.apache.catalina.startup.VersionLoggerListener.log 명령 행 아규먼트:  -Djava.util.logging.manager=org.apache.juli.ClassLoaderLogManager
08-Jun-2023 13:38:41.772 INFO [main] org.apache.catalina.startup.VersionLoggerListener.log 명령 행 아규먼트:  -Djdk.tls.ephemeralDHKeySize=2048
08-Jun-2023 13:38:41.772 INFO [main] org.apache.catalina.startup.VersionLoggerListener.log 명령 행 아규먼트:  -Djava.protocol.handler.pkgs=org.apache.catalina.webresources
08-Jun-2023 13:38:41.772 INFO [main] org.apache.catalina.startup.VersionLoggerListener.log 명령 행 아규먼트:  -Dignore.endorsed.dirs=
08-Jun-2023 13:38:41.773 INFO [main] org.apache.catalina.startup.VersionLoggerListener.log 명령 행 아규먼트:  -Dcatalina.base=C:\Users\roozi\Documents\GitHub\PickCom\apache-tomcat-9.0.75
08-Jun-2023 13:38:41.773 INFO [main] org.apache.catalina.startup.VersionLoggerListener.log 명령 행 아규먼트:  -Dcatalina.home=C:\Users\roozi\Documents\GitHub\PickCom\apache-tomcat-9.0.75
08-Jun-2023 13:38:41.774 INFO [main] org.apache.catalina.startup.VersionLoggerListener.log 명령 행 아규먼트:  -Djava.io.tmpdir=C:\Users\roozi\Documents\GitHub\PickCom\apache-tomcat-9.0.75\temp
08-Jun-2023 13:38:41.777 INFO [main] org.apache.catalina.core.AprLifecycleListener.lifecycleEvent APR 버전 [1.7.2]을(를) 사용한, APR 기반 Apache Tomcat Native 라이브러리 [1.2.36]을(를) 로드했습니다.
08-Jun-2023 13:38:41.778 INFO [main] org.apache.catalina.core.AprLifecycleListener.lifecycleEvent APR 용량정보들: IPv6 [true], sendfile [true], accept filters [false], random [true], UDS [true].
08-Jun-2023 13:38:41.778 INFO [main] org.apache.catalina.core.AprLifecycleListener.lifecycleEvent APR/OpenSSL 설정: useAprConnector [false], useOpenSSL [true]
08-Jun-2023 13:38:41.781 INFO [main] org.apache.catalina.core.AprLifecycleListener.initializeSSL OpenSSL이 성공적으로 초기화되었습니다: [OpenSSL 1.1.1t  7 Feb 2023]
08-Jun-2023 13:38:41.935 INFO [main] org.apache.coyote.AbstractProtocol.init 프로토콜 핸들러 ["http-nio-8080"]을(를) 초기화합니다.
08-Jun-2023 13:38:41.950 INFO [main] org.apache.catalina.startup.Catalina.load [315] 밀리초 내에 서버가 초기화되었습니다.
08-Jun-2023 13:38:41.975 INFO [main] org.apache.catalina.core.StandardService.startInternal 서비스 [Catalina]을(를) 시작합니다.
08-Jun-2023 13:38:41.976 INFO [main] org.apache.catalina.core.StandardEngine.startInternal 서버 엔진을 시작합니다: [Apache Tomcat/9.0.75]
08-Jun-2023 13:38:41.982 INFO [main] org.apache.catalina.startup.HostConfig.deployDirectory 웹 애플리케이션 디렉토리 [C:\Users\roozi\Documents\GitHub\PickCom\apache-tomcat-9.0.75\webapps\docs]을(를) 배치합니다.
08-Jun-2023 13:38:42.185 INFO [main] org.apache.catalina.startup.HostConfig.deployDirectory 웹 애플리케이션 디렉토리 [C:\Users\roozi\Documents\GitHub\PickCom\apache-tomcat-9.0.75\webapps\docs]에 대한 배치가 [202] 밀리초에 완료되었습니다.
08-Jun-2023 13:38:42.187 INFO [main] org.apache.catalina.startup.HostConfig.deployDirectory 웹 애플리케이션 디렉토리 [C:\Users\roozi\Documents\GitHub\PickCom\apache-tomcat-9.0.75\webapps\examples]을(를) 배치합니다.
08-Jun-2023 13:38:42.496 INFO [main] org.apache.catalina.startup.HostConfig.deployDirectory 웹 애플리케이션 디렉토리 [C:\Users\roozi\Documents\GitHub\PickCom\apache-tomcat-9.0.75\webapps\examples]에 대한 배치가 [309] 밀리초에 완료되었습니다.
08-Jun-2023 13:38:42.498 INFO [main] org.apache.catalina.startup.HostConfig.deployDirectory 웹 애플리케이션 디렉토리 [C:\Users\roozi\Documents\GitHub\PickCom\apache-tomcat-9.0.75\webapps\host-manager]을(를) 배치합니다.
08-Jun-2023 13:38:42.530 INFO [main] org.apache.catalina.startup.HostConfig.deployDirectory 웹 애플리케이션 디렉토리 [C:\Users\roozi\Documents\GitHub\PickCom\apache-tomcat-9.0.75\webapps\host-manager]에 대한 배치가 [31] 밀리초에 완료되었습니다.
08-Jun-2023 13:38:42.531 INFO [main] org.apache.catalina.startup.HostConfig.deployDirectory 웹 애플리케이션 디렉토리 [C:\Users\roozi\Documents\GitHub\PickCom\apache-tomcat-9.0.75\webapps\manager]을(를) 배치합니다.
08-Jun-2023 13:38:42.564 INFO [main] org.apache.catalina.startup.HostConfig.deployDirectory 웹 애플리케이션 디렉토리 [C:\Users\roozi\Documents\GitHub\PickCom\apache-tomcat-9.0.75\webapps\manager]에 대한 배치가 [33] 밀리초에 완료되었습니다.
08-Jun-2023 13:38:42.565 INFO [main] org.apache.catalina.startup.HostConfig.deployDirectory 웹 애플리케이션 디렉토리 [C:\Users\roozi\Documents\GitHub\PickCom\apache-tomcat-9.0.75\webapps\ROOT]을(를) 배치합니다.
08-Jun-2023 13:38:42.585 INFO [main] org.apache.catalina.startup.HostConfig.deployDirectory 웹 애플리케이션 디렉토리 [C:\Users\roozi\Documents\GitHub\PickCom\apache-tomcat-9.0.75\webapps\ROOT]에 대한 배치가 [20] 밀리초에 완료되었습니다.
08-Jun-2023 13:38:42.589 INFO [main] org.apache.coyote.AbstractProtocol.start 프로토콜 핸들러 ["http-nio-8080"]을(를) 시작합니다.
08-Jun-2023 13:38:42.613 INFO [main] org.apache.catalina.startup.Catalina.start 서버가 [663] 밀리초 내에 시작되었습니다.
08-Jun-2023 13:45:36.088 INFO [main] org.apache.catalina.startup.VersionLoggerListener.log 서버 버전 이름:    Apache Tomcat/9.0.75
08-Jun-2023 13:45:36.090 INFO [main] org.apache.catalina.startup.VersionLoggerListener.log Server 빌드 시각:  May 4 2023 13:04:05 UTC
08-Jun-2023 13:45:36.090 INFO [main] org.apache.catalina.startup.VersionLoggerListener.log Server 버전 번호:  9.0.75.0
08-Jun-2023 13:45:36.090 INFO [main] org.apache.catalina.startup.VersionLoggerListener.log 운영체제 이름:     Windows 10
08-Jun-2023 13:45:36.090 INFO [main] org.apache.catalina.startup.VersionLoggerListener.log 운영체제 버전:     10.0
08-Jun-2023 13:45:36.090 INFO [main] org.apache.catalina.startup.VersionLoggerListener.log 아키텍처:          amd64
08-Jun-2023 13:45:36.090 INFO [main] org.apache.catalina.startup.VersionLoggerListener.log 자바 홈:           C:\Program Files\Java\jdk-17
08-Jun-2023 13:45:36.090 INFO [main] org.apache.catalina.startup.VersionLoggerListener.log JVM 버전:          17.0.7+8-LTS-224
08-Jun-2023 13:45:36.090 INFO [main] org.apache.catalina.startup.VersionLoggerListener.log JVM 벤더:          Oracle Corporation
08-Jun-2023 13:45:36.090 INFO [main] org.apache.catalina.startup.VersionLoggerListener.log CATALINA_BASE:     C:\Users\roozi\Documents\GitHub\PickCom\apache-tomcat-9.0.75
08-Jun-2023 13:45:36.090 INFO [main] org.apache.catalina.startup.VersionLoggerListener.log CATALINA_HOME:     C:\Users\roozi\Documents\GitHub\PickCom\apache-tomcat-9.0.75
08-Jun-2023 13:45:36.096 INFO [main] org.apache.catalina.startup.VersionLoggerListener.log 명령 행 아규먼트:  --add-opens=java.base/java.lang=ALL-UNNAMED
08-Jun-2023 13:45:36.096 INFO [main] org.apache.catalina.startup.VersionLoggerListener.log 명령 행 아규먼트:  --add-opens=java.base/java.io=ALL-UNNAMED
08-Jun-2023 13:45:36.096 INFO [main] org.apache.catalina.startup.VersionLoggerListener.log 명령 행 아규먼트:  --add-opens=java.base/java.util=ALL-UNNAMED
08-Jun-2023 13:45:36.096 INFO [main] org.apache.catalina.startup.VersionLoggerListener.log 명령 행 아규먼트:  --add-opens=java.base/java.util.concurrent=ALL-UNNAMED
08-Jun-2023 13:45:36.096 INFO [main] org.apache.catalina.startup.VersionLoggerListener.log 명령 행 아규먼트:  --add-opens=java.rmi/sun.rmi.transport=ALL-UNNAMED
08-Jun-2023 13:45:36.096 INFO [main] org.apache.catalina.startup.VersionLoggerListener.log 명령 행 아규먼트:  -Djava.util.logging.config.file=C:\Users\roozi\Documents\GitHub\PickCom\apache-tomcat-9.0.75\conf\logging.properties
08-Jun-2023 13:45:36.096 INFO [main] org.apache.catalina.startup.VersionLoggerListener.log 명령 행 아규먼트:  -Djava.util.logging.manager=org.apache.juli.ClassLoaderLogManager
08-Jun-2023 13:45:36.096 INFO [main] org.apache.catalina.startup.VersionLoggerListener.log 명령 행 아규먼트:  -Djdk.tls.ephemeralDHKeySize=2048
08-Jun-2023 13:45:36.096 INFO [main] org.apache.catalina.startup.VersionLoggerListener.log 명령 행 아규먼트:  -Djava.protocol.handler.pkgs=org.apache.catalina.webresources
08-Jun-2023 13:45:36.096 INFO [main] org.apache.catalina.startup.VersionLoggerListener.log 명령 행 아규먼트:  -Dignore.endorsed.dirs=
08-Jun-2023 13:45:36.096 INFO [main] org.apache.catalina.startup.VersionLoggerListener.log 명령 행 아규먼트:  -Dcatalina.base=C:\Users\roozi\Documents\GitHub\PickCom\apache-tomcat-9.0.75
08-Jun-2023 13:45:36.096 INFO [main] org.apache.catalina.startup.VersionLoggerListener.log 명령 행 아규먼트:  -Dcatalina.home=C:\Users\roozi\Documents\GitHub\PickCom\apache-tomcat-9.0.75
08-Jun-2023 13:45:36.096 INFO [main] org.apache.catalina.startup.VersionLoggerListener.log 명령 행 아규먼트:  -Djava.io.tmpdir=C:\Users\roozi\Documents\GitHub\PickCom\apache-tomcat-9.0.75\temp
08-Jun-2023 13:45:36.096 INFO [main] org.apache.catalina.core.AprLifecycleListener.lifecycleEvent APR 버전 [1.7.2]을(를) 사용한, APR 기반 Apache Tomcat Native 라이브러리 [1.2.36]을(를) 로드했습니다.
08-Jun-2023 13:45:36.096 INFO [main] org.apache.catalina.core.AprLifecycleListener.lifecycleEvent APR 용량정보들: IPv6 [true], sendfile [true], accept filters [false], random [true], UDS [true].
08-Jun-2023 13:45:36.096 INFO [main] org.apache.catalina.core.AprLifecycleListener.lifecycleEvent APR/OpenSSL 설정: useAprConnector [false], useOpenSSL [true]
08-Jun-2023 13:45:36.096 INFO [main] org.apache.catalina.core.AprLifecycleListener.initializeSSL OpenSSL이 성공적으로 초기화되었습니다: [OpenSSL 1.1.1t  7 Feb 2023]
08-Jun-2023 13:45:36.238 INFO [main] org.apache.coyote.AbstractProtocol.init 프로토콜 핸들러 ["http-nio-8080"]을(를) 초기화합니다.
08-Jun-2023 13:45:36.254 INFO [main] org.apache.catalina.startup.Catalina.load [290] 밀리초 내에 서버가 초기화되었습니다.
08-Jun-2023 13:45:36.285 INFO [main] org.apache.catalina.core.StandardService.startInternal 서비스 [Catalina]을(를) 시작합니다.
08-Jun-2023 13:45:36.285 INFO [main] org.apache.catalina.core.StandardEngine.startInternal 서버 엔진을 시작합니다: [Apache Tomcat/9.0.75]
08-Jun-2023 13:45:36.285 INFO [main] org.apache.catalina.startup.HostConfig.deployDirectory 웹 애플리케이션 디렉토리 [C:\Users\roozi\Documents\GitHub\PickCom\apache-tomcat-9.0.75\webapps\docs]을(를) 배치합니다.
08-Jun-2023 13:45:36.473 INFO [main] org.apache.catalina.startup.HostConfig.deployDirectory 웹 애플리케이션 디렉토리 [C:\Users\roozi\Documents\GitHub\PickCom\apache-tomcat-9.0.75\webapps\docs]에 대한 배치가 [188] 밀리초에 완료되었습니다.
08-Jun-2023 13:45:36.473 INFO [main] org.apache.catalina.startup.HostConfig.deployDirectory 웹 애플리케이션 디렉토리 [C:\Users\roozi\Documents\GitHub\PickCom\apache-tomcat-9.0.75\webapps\examples]을(를) 배치합니다.
08-Jun-2023 13:45:36.782 INFO [main] org.apache.catalina.startup.HostConfig.deployDirectory 웹 애플리케이션 디렉토리 [C:\Users\roozi\Documents\GitHub\PickCom\apache-tomcat-9.0.75\webapps\examples]에 대한 배치가 [308] 밀리초에 완료되었습니다.
08-Jun-2023 13:45:36.783 INFO [main] org.apache.catalina.startup.HostConfig.deployDirectory 웹 애플리케이션 디렉토리 [C:\Users\roozi\Documents\GitHub\PickCom\apache-tomcat-9.0.75\webapps\host-manager]을(를) 배치합니다.
08-Jun-2023 13:45:36.812 INFO [main] org.apache.catalina.startup.HostConfig.deployDirectory 웹 애플리케이션 디렉토리 [C:\Users\roozi\Documents\GitHub\PickCom\apache-tomcat-9.0.75\webapps\host-manager]에 대한 배치가 [29] 밀리초에 완료되었습니다.
08-Jun-2023 13:45:36.813 INFO [main] org.apache.catalina.startup.HostConfig.deployDirectory 웹 애플리케이션 디렉토리 [C:\Users\roozi\Documents\GitHub\PickCom\apache-tomcat-9.0.75\webapps\manager]을(를) 배치합니다.
08-Jun-2023 13:45:36.845 INFO [main] org.apache.catalina.startup.HostConfig.deployDirectory 웹 애플리케이션 디렉토리 [C:\Users\roozi\Documents\GitHub\PickCom\apache-tomcat-9.0.75\webapps\manager]에 대한 배치가 [32] 밀리초에 완료되었습니다.
08-Jun-2023 13:45:36.846 INFO [main] org.apache.catalina.startup.HostConfig.deployDirectory 웹 애플리케이션 디렉토리 [C:\Users\roozi\Documents\GitHub\PickCom\apache-tomcat-9.0.75\webapps\ROOT]을(를) 배치합니다.
08-Jun-2023 13:45:36.860 INFO [main] org.apache.catalina.startup.HostConfig.deployDirectory 웹 애플리케이션 디렉토리 [C:\Users\roozi\Documents\GitHub\PickCom\apache-tomcat-9.0.75\webapps\ROOT]에 대한 배치가 [14] 밀리초에 완료되었습니다.
08-Jun-2023 13:45:36.868 INFO [main] org.apache.coyote.AbstractProtocol.start 프로토콜 핸들러 ["http-nio-8080"]을(를) 시작합니다.
08-Jun-2023 13:45:36.883 INFO [main] org.apache.catalina.startup.Catalina.start 서버가 [625] 밀리초 내에 시작되었습니다.
